<?xml version="1.0" encoding="UTF-8"?>
<!-- Generated by org.testng.reporters.JUnitReportReporter -->
<testsuite hostname="DESKTOP-66QDHMU" name="com.siemens.TGA.automation.tests.AllTests" tests="1" failures="0" timestamp="29 May 2020 09:14:25 GMT" time="33.898" errors="0">
  <testcase name="testLogin" time="33.898" classname="com.siemens.TGA.automation.tests.AllTests"/>
</testsuite> <!-- com.siemens.TGA.automation.tests.AllTests -->
